2026-03-19 19:28:54 | INFO | Screener | Обновлены лимиты для 519 активных символов.
2026-03-19 19:28:54 | INFO | Screener | === Запуск боевого REST-скринера | Порог: 45.0% | Интервал опроса: 60с ===
2026-03-19 19:32:41 | INFO | Screener | Скринер остановлен.
2026-03-19 19:38:48 | INFO | Screener | Обновлены лимиты для 519 символов. Файл phemex_limits.json обновлен.
2026-03-19 19:38:48 | INFO | Screener | === Запуск REST-скринера | Порог: 95.0% | Интервал: 60с ===
2026-03-19 19:38:49 | INFO | Screener | ✅ СЫРОЙ ОТВЕТ С ТИКЕРАМИ СОХРАНЕН В phemex_raw_tickers.json!
2026-03-19 19:38:49 | INFO | Screener | Опрос завершен (тиков: 8). Сигналов: 0. Спим...
2026-03-19 19:39:49 | INFO | Screener | Опрос завершен (тиков: 8). Сигналов: 0. Спим...
2026-03-19 19:40:49 | INFO | Screener | Опрос завершен (тиков: 8). Сигналов: 0. Спим...
2026-03-19 19:41:00 | INFO | Screener | Скринер остановлен.
2026-03-19 19:45:14 | INFO | Screener | Обновлены лимиты для 519 символов. Файл phemex_limits.json обновлен.
2026-03-19 19:45:14 | INFO | Screener | === Запуск REST-скринера | Порог: 95.0% | Интервал: 60с ===
2026-03-19 19:45:16 | INFO | Screener | ✅ СЫРОЙ ОТВЕТ С ТИКЕРАМИ СОХРАНЕН В phemex_raw_tickers.json! Проверь тикеры!
2026-03-19 19:45:16 | WARNING | Screener | 🚨 [LIMIT EXCEEDED] KATUSDT | Загрузка: 1045.80% | OI: 20916099.0 / Limit: 2000000.0
2026-03-19 19:45:16 | WARNING | Screener | 🚨 [LIMIT EXCEEDED] ROBOUSDT | Загрузка: 839.84% | OI: 16796715.11 / Limit: 2000000.0
2026-03-19 19:45:16 | WARNING | Screener | 🚨 [LIMIT EXCEEDED] AZTECUSDT | Загрузка: 1462.35% | OI: 29247029.94 / Limit: 2000000.0
2026-03-19 19:45:16 | WARNING | Screener | 🚨 [LIMIT EXCEEDED] ESPUSDT | Загрузка: 1057.13% | OI: 21142670.12 / Limit: 2000000.0
2026-03-19 19:45:16 | WARNING | Screener | 🚨 [LIMIT EXCEEDED] TRIAUSDT | Загрузка: 507.24% | OI: 10144719.59 / Limit: 2000000.0
2026-03-19 19:45:16 | WARNING | Screener | 🚨 [LIMIT EXCEEDED] INXUSDT | Загрузка: 1810.27% | OI: 18102714.44 / Limit: 1000000.0
2026-03-19 19:45:16 | WARNING | Screener | 🚨 [LIMIT EXCEEDED] GWEIUSDT | Загрузка: 915.75% | OI: 18314920.45 / Limit: 2000000.0
2026-03-19 19:45:16 | WARNING | Screener | 🚨 [LIMIT EXCEEDED] BIRBUSDT | Загрузка: 166.71% | OI: 1667105.54 / Limit: 1000000.0
2026-03-19 19:45:16 | WARNING | Screener | 🚨 [LIMIT EXCEEDED] SPACEUSDT | Загрузка: 13993.98% | OI: 279879667.73 / Limit: 2000000.0
2026-03-19 19:45:16 | WARNING | Screener | 🚨 [LIMIT EXCEEDED] FIGHTUSDT | Загрузка: 3502.07% | OI: 35020655.4 / Limit: 1000000.0
2026-03-19 19:45:16 | WARNING | Screener | 🚨 [LIMIT EXCEEDED] ELSAUSDT | Загрузка: 352.38% | OI: 7047680.36 / Limit: 2000000.0
2026-03-19 19:45:16 | WARNING | Screener | 🚨 [LIMIT EXCEEDED] SKRUSDT | Загрузка: 5874.13% | OI: 58741251.38 / Limit: 1000000.0
2026-03-19 19:45:16 | WARNING | Screener | 🚨 [LIMIT EXCEEDED] SPORTFUNUSDT | Загрузка: 3492.81% | OI: 34928076.77 / Limit: 1000000.0
2026-03-19 19:45:16 | WARNING | Screener | 🚨 [LIMIT EXCEEDED] FOGOUSDT | Загрузка: 508.76% | OI: 25437829.65 / Limit: 5000000.0
2026-03-19 19:45:16 | WARNING | Screener | 🚨 [LIMIT EXCEEDED] ZAMAUSDT | Загрузка: 942.88% | OI: 18857537.21 / Limit: 2000000.0
2026-03-19 19:45:16 | WARNING | Screener | 🚨 [LIMIT EXCEEDED] WHITEWHALEUSDT | Загрузка: 542.44% | OI: 27121915.75 / Limit: 5000000.0
2026-03-19 19:45:16 | WARNING | Screener | 🚨 [LIMIT EXCEEDED] COLLECTUSDT | Загрузка: 556.60% | OI: 27829930.43 / Limit: 5000000.0
2026-03-19 19:45:16 | WARNING | Screener | 🚨 [LIMIT EXCEEDED] BREVUSDT | Загрузка: 233.33% | OI: 11666540.42 / Limit: 5000000.0
2026-03-19 19:45:16 | WARNING | Screener | 🚨 [LIMIT EXCEEDED] MAGMAUSDT | Загрузка: 624.02% | OI: 6240188.4 / Limit: 1000000.0
2026-03-19 19:45:16 | WARNING | Screener | 🚨 [LIMIT EXCEEDED] GUAUSDT | Загрузка: 1024.46% | OI: 10244600.82 / Limit: 1000000.0
2026-03-19 19:45:16 | WARNING | Screener | 🚨 [LIMIT EXCEEDED] ZKPUSDT | Загрузка: 396.53% | OI: 19826361.17 / Limit: 5000000.0
2026-03-19 19:45:16 | WARNING | Screener | 🚨 [LIMIT EXCEEDED] RAVEUSDT | Загрузка: 121.71% | OI: 6085709.86 / Limit: 5000000.0
2026-03-19 19:45:16 | WARNING | Screener | 🚨 [LIMIT EXCEEDED] USUSDT | Загрузка: 6052.85% | OI: 302642429.57 / Limit: 5000000.0
2026-03-19 19:45:16 | WARNING | Screener | 🚨 [LIMIT EXCEEDED] NIGHTUSDT | Загрузка: 2364.12% | OI: 35461742.31 / Limit: 1500000.0
2026-03-19 19:45:16 | WARNING | Screener | 🚨 [LIMIT EXCEEDED] WETUSDT | Загрузка: 307.39% | OI: 15369461.99 / Limit: 5000000.0
2026-03-19 19:45:16 | WARNING | Screener | 🚨 [LIMIT EXCEEDED] RLSUSDT | Загрузка: 23860.64% | OI: 238606410.3 / Limit: 1000000.0
2026-03-19 19:45:16 | WARNING | Screener | 🚨 [LIMIT EXCEEDED] IRYSUSDT | Загрузка: 5190.61% | OI: 51906144.96 / Limit: 1000000.0
2026-03-19 19:45:16 | WARNING | Screener | 🚨 [LIMIT EXCEEDED] SENTUSDT | Загрузка: 1925.58% | OI: 96279200.7 / Limit: 5000000.0
2026-03-19 19:45:16 | WARNING | Screener | 🚨 [LIMIT EXCEEDED] PIEVERSEUSDT | Загрузка: 158.41% | OI: 3168226.44 / Limit: 2000000.0
2026-03-19 19:45:16 | WARNING | Screener | 🚨 [LIMIT EXCEEDED] BEATUSDT | Загрузка: 95.75% | OI: 4787696.9 / Limit: 5000000.0
2026-03-19 19:45:16 | WARNING | Screener | 🚨 [LIMIT EXCEEDED] ALLOUSDT | Загрузка: 260.20% | OI: 13010024.15 / Limit: 5000000.0
2026-03-19 19:45:16 | WARNING | Screener | 🚨 [LIMIT EXCEEDED] JCTUSDT | Загрузка: 85205.55% | OI: 852055480.74 / Limit: 1000000.0
2026-03-19 19:45:16 | WARNING | Screener | 🚨 [LIMIT EXCEEDED] STABLEUSDT | Загрузка: 1046.36% | OI: 52317976.3 / Limit: 5000000.0
2026-03-19 19:45:16 | WARNING | Screener | 🚨 [LIMIT EXCEEDED] UAIUSDT | Загрузка: 107.25% | OI: 5362300.3 / Limit: 5000000.0
2026-03-19 19:45:16 | WARNING | Screener | 🚨 [LIMIT EXCEEDED] TRUSTUSDT | Загрузка: 1696.36% | OI: 16963649.6 / Limit: 1000000.0
2026-03-19 19:45:16 | WARNING | Screener | 🚨 [LIMIT EXCEEDED] CCUSDT | Загрузка: 183.02% | OI: 9151213.4 / Limit: 5000000.0
2026-03-19 19:45:16 | WARNING | Screener | 🚨 [LIMIT EXCEEDED] KITEUSDT | Загрузка: 296.34% | OI: 14817125.4 / Limit: 5000000.0
2026-03-19 19:45:16 | WARNING | Screener | 🚨 [LIMIT EXCEEDED] MMTUSDT | Загрузка: 117.65% | OI: 5882565.87 / Limit: 5000000.0
2026-03-19 19:45:16 | WARNING | Screener | 🚨 [LIMIT EXCEEDED] ATUSDT | Загрузка: 204.90% | OI: 10244887.67 / Limit: 5000000.0
2026-03-19 19:45:16 | WARNING | Screener | 🚨 [LIMIT EXCEEDED] MONUSDT | Загрузка: 1570.04% | OI: 78502111.0 / Limit: 5000000.0
2026-03-19 19:45:16 | WARNING | Screener | 🚨 [LIMIT EXCEEDED] APRUSDT | Загрузка: 259.41% | OI: 12970540.72 / Limit: 5000000.0
2026-03-19 19:45:16 | WARNING | Screener | 🚨 [LIMIT EXCEEDED] TURTLEUSDT | Загрузка: 1282.45% | OI: 25648928.12 / Limit: 2000000.0
2026-03-19 19:45:16 | WARNING | Screener | 🚨 [LIMIT EXCEEDED] BLUAIUSDT | Загрузка: 5805.14% | OI: 290257045.52 / Limit: 5000000.0
2026-03-19 19:45:16 | WARNING | Screener | 🚨 [LIMIT EXCEEDED] LABUSDT | Загрузка: 273.06% | OI: 13653088.3 / Limit: 5000000.0
2026-03-19 19:45:16 | WARNING | Screener | 🚨 [LIMIT EXCEEDED] RIVERUSDT | Загрузка: 147.34% | OI: 221003.15 / Limit: 150000.0
2026-03-19 19:45:16 | WARNING | Screener | 🚨 [LIMIT EXCEEDED] ZBTUSDT | Загрузка: 1696.82% | OI: 16968230.56 / Limit: 1000000.0
2026-03-19 19:45:16 | WARNING | Screener | 🚨 [LIMIT EXCEEDED] YBUSDT | Загрузка: 1649.30% | OI: 8246516.8 / Limit: 500000.0
2026-03-19 19:45:16 | WARNING | Screener | 🚨 [LIMIT EXCEEDED] ENSOUSDT | Загрузка: 277.71% | OI: 2777110.97 / Limit: 1000000.0
2026-03-19 19:45:16 | WARNING | Screener | 🚨 [LIMIT EXCEEDED] RECALLUSDT | Загрузка: 1129.06% | OI: 22581235.12 / Limit: 2000000.0
2026-03-19 19:45:16 | WARNING | Screener | 🚨 [LIMIT EXCEEDED] EULUSDT | Загрузка: 162.80% | OI: 1627989.51 / Limit: 1000000.0
2026-03-19 19:45:16 | WARNING | Screener | 🚨 [LIMIT EXCEEDED] CLOUSDT | Загрузка: 1653.44% | OI: 16534418.58 / Limit: 1000000.0
2026-03-19 19:45:16 | WARNING | Screener | 🚨 [LIMIT EXCEEDED] METUSDT | Загрузка: 1243.71% | OI: 8084132.2 / Limit: 650000.0
2026-03-19 19:45:16 | WARNING | Screener | 🚨 [LIMIT EXCEEDED] GIGGLEUSDT | Загрузка: 967.30% | OI: 55136.155 / Limit: 5700.0
2026-03-19 19:45:16 | WARNING | Screener | 🚨 [LIMIT EXCEEDED] 4USDT | Загрузка: 7246.47% | OI: 195654780.3 / Limit: 2700000.0
2026-03-19 19:45:16 | WARNING | Screener | 🚨 [LIMIT EXCEEDED] KGENUSDT | Загрузка: 787.08% | OI: 7870755.29 / Limit: 1000000.0
2026-03-19 19:45:16 | WARNING | Screener | 🚨 [LIMIT EXCEEDED] LYNUSDT | Загрузка: 3551.61% | OI: 17758046.83 / Limit: 500000.0
2026-03-19 19:45:16 | WARNING | Screener | 🚨 [LIMIT EXCEEDED] EVAAUSDT | Загрузка: 219.31% | OI: 2193056.9 / Limit: 1000000.0
2026-03-19 19:45:16 | WARNING | Screener | 🚨 [LIMIT EXCEEDED] 2ZUSDT | Загрузка: 1928.69% | OI: 19286891.0 / Limit: 1000000.0
2026-03-19 19:45:16 | WARNING | Screener | 🚨 [LIMIT EXCEEDED] EDENUSDT | Загрузка: 2313.37% | OI: 23133673.95 / Limit: 1000000.0
2026-03-19 19:45:16 | WARNING | Screener | 🚨 [LIMIT EXCEEDED] TRUTHUSDT | Загрузка: 10942.73% | OI: 109427330.4 / Limit: 1000000.0
2026-03-19 19:45:16 | WARNING | Screener | 🚨 [LIMIT EXCEEDED] FFUSDT | Загрузка: 193.65% | OI: 19365296.0 / Limit: 10000000.0
2026-03-19 19:45:16 | WARNING | Screener | 🚨 [LIMIT EXCEEDED] NOMUSDT | Загрузка: 3664.65% | OI: 366464695.8 / Limit: 10000000.0
2026-03-19 19:45:16 | WARNING | Screener | 🚨 [LIMIT EXCEEDED] AKEUSDT | Загрузка: 524135.80% | OI: 5241358038.0 / Limit: 1000000.0
2026-03-19 19:45:16 | WARNING | Screener | 🚨 [LIMIT EXCEEDED] LIGHTUSDT | Загрузка: 831.39% | OI: 8313911.69 / Limit: 1000000.0
2026-03-19 19:45:16 | WARNING | Screener | 🚨 [LIMIT EXCEEDED] HANAUSDT | Загрузка: 4529.22% | OI: 45292212.9 / Limit: 1000000.0
2026-03-19 19:45:16 | WARNING | Screener | 🚨 [LIMIT EXCEEDED] MIRAUSDT | Загрузка: 1294.99% | OI: 12949920.89 / Limit: 1000000.0
2026-03-19 19:45:16 | WARNING | Screener | 🚨 [LIMIT EXCEEDED] XPLUSDT | Загрузка: 2518.09% | OI: 16367577.6 / Limit: 650000.0
2026-03-19 19:45:16 | WARNING | Screener | 🚨 [LIMIT EXCEEDED] COAIUSDT | Загрузка: 384.42% | OI: 3844221.7 / Limit: 1000000.0
2026-03-19 19:45:16 | WARNING | Screener | 🚨 [LIMIT EXCEEDED] HEMIUSDT | Загрузка: 4278.46% | OI: 149746111.0 / Limit: 3500000.0
2026-03-19 19:45:16 | WARNING | Screener | 🚨 [LIMIT EXCEEDED] BLESSUSDT | Загрузка: 19476.80% | OI: 194768025.59 / Limit: 1000000.0
2026-03-19 19:45:16 | WARNING | Screener | 🚨 [LIMIT EXCEEDED] XANUSDT | Загрузка: 389.27% | OI: 194634031.72 / Limit: 50000000.0
2026-03-19 19:45:16 | WARNING | Screener | 🚨 [LIMIT EXCEEDED] 0GUSDT | Загрузка: 95.55% | OI: 4777656.55 / Limit: 5000000.0
2026-03-19 19:45:16 | WARNING | Screener | 🚨 [LIMIT EXCEEDED] TRADOORUSDT | Загрузка: 104.26% | OI: 1042646.24 / Limit: 1000000.0
2026-03-19 19:45:16 | WARNING | Screener | 🚨 [LIMIT EXCEEDED] ASTERUSDT | Загрузка: 892.34% | OI: 3167824.44 / Limit: 355000.0
2026-03-19 19:45:16 | WARNING | Screener | 🚨 [LIMIT EXCEEDED] STBLUSDT | Загрузка: 1423.80% | OI: 56951822.3 / Limit: 4000000.0
2026-03-19 19:45:16 | WARNING | Screener | 🚨 [LIMIT EXCEEDED] AIAUSDT | Загрузка: 840.48% | OI: 8404774.68 / Limit: 1000000.0
2026-03-19 19:45:16 | WARNING | Screener | 🚨 [LIMIT EXCEEDED] BARDUSDT | Загрузка: 577.39% | OI: 2886944.73 / Limit: 500000.0
2026-03-19 19:45:16 | WARNING | Screener | 🚨 [LIMIT EXCEEDED] TOSHIUSDT | Загрузка: 1278.35% | OI: 7030898773.0 / Limit: 550000000.0
2026-03-19 19:45:16 | WARNING | Screener | 🚨 [LIMIT EXCEEDED] ZKCUSDT | Загрузка: 1952.82% | OI: 19528203.83 / Limit: 1000000.0
2026-03-19 19:45:16 | WARNING | Screener | 🚨 [LIMIT EXCEEDED] XPINUSDT | Загрузка: 382.06% | OI: 1184389262.0 / Limit: 310000000.0
2026-03-19 19:45:16 | WARNING | Screener | 🚨 [LIMIT EXCEEDED] UBUSDT | Загрузка: 103.05% | OI: 51525834.1 / Limit: 50000000.0
2026-03-19 19:45:16 | WARNING | Screener | 🚨 [LIMIT EXCEEDED] HOLOUSDT | Загрузка: 1394.36% | OI: 16732346.62 / Limit: 1200000.0
2026-03-19 19:45:16 | WARNING | Screener | 🚨 [LIMIT EXCEEDED] SKYUSDT | Загрузка: 320.35% | OI: 23064929.6 / Limit: 7200000.0
2026-03-19 19:45:16 | WARNING | Screener | 🚨 [LIMIT EXCEEDED] LINEAUSDT | Загрузка: 1334.00% | OI: 266800315.5 / Limit: 20000000.0
2026-03-19 19:45:16 | WARNING | Screener | 🚨 [LIMIT EXCEEDED] AVNTUSDT | Загрузка: 617.69% | OI: 12353811.8 / Limit: 2000000.0
2026-03-19 19:45:16 | WARNING | Screener | 🚨 [LIMIT EXCEEDED] OPENUSDT | Загрузка: 489.52% | OI: 9790439.8 / Limit: 2000000.0
2026-03-19 19:45:16 | WARNING | Screener | 🚨 [LIMIT EXCEEDED] TAKEUSDT | Загрузка: 2069.52% | OI: 55876984.1 / Limit: 2700000.0
2026-03-19 19:45:16 | WARNING | Screener | 🚨 [LIMIT EXCEEDED] ARIAUSDT | Загрузка: 298.60% | OI: 14929960.7 / Limit: 5000000.0
2026-03-19 19:45:16 | WARNING | Screener | 🚨 [LIMIT EXCEEDED] PTBUSDT | Загрузка: 1479.59% | OI: 739794294.4 / Limit: 50000000.0
2026-03-19 19:45:16 | WARNING | Screener | 🚨 [LIMIT EXCEEDED] SOMIUSDT | Загрузка: 1315.61% | OI: 6578048.93 / Limit: 500000.0
2026-03-19 19:45:16 | WARNING | Screener | 🚨 [LIMIT EXCEEDED] QUSDT | Загрузка: 526.69% | OI: 105337367.0 / Limit: 20000000.0
2026-03-19 19:45:16 | WARNING | Screener | 🚨 [LIMIT EXCEEDED] WLFIUSDT | Загрузка: 1216.87% | OI: 24337401.5 / Limit: 2000000.0
2026-03-19 19:45:16 | WARNING | Screener | 🚨 [LIMIT EXCEEDED] MITOUSDT | Загрузка: 1223.55% | OI: 25694460.0 / Limit: 2100000.0
2026-03-19 19:45:16 | WARNING | Screener | 🚨 [LIMIT EXCEEDED] BASUSDT | Загрузка: 846.91% | OI: 254073131.0 / Limit: 30000000.0
2026-03-19 19:45:16 | WARNING | Screener | 🚨 [LIMIT EXCEEDED] BTRUSDT | Загрузка: 632.93% | OI: 12658501.3 / Limit: 2000000.0
2026-03-19 19:45:16 | WARNING | Screener | 🚨 [LIMIT EXCEEDED] SAPIENUSDT | Загрузка: 385.24% | OI: 9631104.0 / Limit: 2500000.0
2026-03-19 19:45:16 | WARNING | Screener | 🚨 [LIMIT EXCEEDED] AIOUSDT | Загрузка: 467.83% | OI: 25730619.0 / Limit: 5500000.0
2026-03-19 19:45:16 | WARNING | Screener | 🚨 [LIMIT EXCEEDED] XNYUSDT | Загрузка: 946.38% | OI: 331232543.0 / Limit: 35000000.0
2026-03-19 19:45:16 | WARNING | Screener | 🚨 [LIMIT EXCEEDED] INUSDT | Загрузка: 340.90% | OI: 17044841.0 / Limit: 5000000.0
2026-03-19 19:45:16 | WARNING | Screener | 🚨 [LIMIT EXCEEDED] IDOLUSDT | Загрузка: 136.00% | OI: 54400406.0 / Limit: 40000000.0
2026-03-19 19:45:16 | WARNING | Screener | 🚨 [LIMIT EXCEEDED] PROVEUSDT | Загрузка: 652.97% | OI: 3591327.4 / Limit: 550000.0
2026-03-19 19:45:16 | WARNING | Screener | 🚨 [LIMIT EXCEEDED] TOWNSUSDT | Загрузка: 2263.21% | OI: 339481665.0 / Limit: 15000000.0
2026-03-19 19:45:16 | WARNING | Screener | 🚨 [LIMIT EXCEEDED] NAORISUSDT | Загрузка: 832.72% | OI: 41636115.8 / Limit: 5000000.0
2026-03-19 19:45:16 | WARNING | Screener | 🚨 [LIMIT EXCEEDED] ESPORTSUSDT | Загрузка: 381.83% | OI: 3818268.4 / Limit: 1000000.0
2026-03-19 19:45:16 | WARNING | Screener | 🚨 [LIMIT EXCEEDED] TREEUSDT | Загрузка: 1992.25% | OI: 19922464.6 / Limit: 1000000.0
2026-03-19 19:45:16 | WARNING | Screener | 🚨 [LIMIT EXCEEDED] BICOUSDT | Загрузка: 1170.34% | OI: 52665459.2 / Limit: 4500000.0
2026-03-19 19:45:16 | WARNING | Screener | 🚨 [LIMIT EXCEEDED] TAUSDT | Загрузка: 2238.59% | OI: 44771793.0 / Limit: 2000000.0
2026-03-19 19:45:16 | WARNING | Screener | 🚨 [LIMIT EXCEEDED] ERAUSDT | Загрузка: 442.65% | OI: 8852965.0 / Limit: 2000000.0
2026-03-19 19:45:16 | WARNING | Screener | 🚨 [LIMIT EXCEEDED] USELESSUSDT | Загрузка: 807.27% | OI: 12916327.0 / Limit: 1600000.0
2026-03-19 19:45:16 | WARNING | Screener | 🚨 [LIMIT EXCEEDED] TACUSDT | Загрузка: 1224.93% | OI: 306231688.0 / Limit: 25000000.0
2026-03-19 19:45:16 | WARNING | Screener | 🚨 [LIMIT EXCEEDED] PUMPUSDT | Загрузка: 1271.56% | OI: 1144401792.0 / Limit: 90000000.0
2026-03-19 19:45:16 | WARNING | Screener | 🚨 [LIMIT EXCEEDED] ICNTUSDT | Загрузка: 334.75% | OI: 6695084.7 / Limit: 2000000.0
2026-03-19 19:45:16 | WARNING | Screener | 🚨 [LIMIT EXCEEDED] SAHARAUSDT | Загрузка: 1097.92% | OI: 219584500.0 / Limit: 20000000.0
2026-03-19 19:45:16 | WARNING | Screener | 🚨 [LIMIT EXCEEDED] HUSDT | Загрузка: 201.92% | OI: 20192149.0 / Limit: 10000000.0
2026-03-19 19:45:16 | WARNING | Screener | 🚨 [LIMIT EXCEEDED] NEWTUSDT | Загрузка: 1899.29% | OI: 37985849.6 / Limit: 2000000.0
2026-03-19 19:45:16 | WARNING | Screener | 🚨 [LIMIT EXCEEDED] FUSDT | Загрузка: 542.92% | OI: 298607140.0 / Limit: 55000000.0
2026-03-19 19:45:16 | WARNING | Screener | 🚨 [LIMIT EXCEEDED] SPKUSDT | Загрузка: 862.36% | OI: 86236386.0 / Limit: 10000000.0
2026-03-19 19:45:16 | WARNING | Screener | 🚨 [LIMIT EXCEEDED] TAIKOUSDT | Загрузка: 968.66% | OI: 9686559.3 / Limit: 1000000.0
2026-03-19 19:45:16 | WARNING | Screener | 🚨 [LIMIT EXCEEDED] SQDUSDT | Загрузка: 1869.24% | OI: 41123216.0 / Limit: 2200000.0
2026-03-19 19:45:16 | WARNING | Screener | 🚨 [LIMIT EXCEEDED] RESOLVUSDT | Загрузка: 799.38% | OI: 39968780.0 / Limit: 5000000.0
2026-03-19 19:45:16 | WARNING | Screener | 🚨 [LIMIT EXCEEDED] HOMEUSDT | Загрузка: 9181.36% | OI: 91813623.0 / Limit: 1000000.0
2026-03-19 19:45:16 | WARNING | Screener | 🚨 [LIMIT EXCEEDED] PUMPBTCUSDT | Загрузка: 469.31% | OI: 51623672.0 / Limit: 11000000.0
2026-03-19 19:45:16 | WARNING | Screener | 🚨 [LIMIT EXCEEDED] LAUSDT | Загрузка: 1401.11% | OI: 14011146.6 / Limit: 1000000.0
2026-03-19 19:45:16 | WARNING | Screener | 🚨 [LIMIT EXCEEDED] BOBUSDT | Загрузка: 15773.36% | OI: 157733598.92 / Limit: 1000000.0
2026-03-19 19:45:16 | WARNING | Screener | 🚨 [LIMIT EXCEEDED] AUSDT | Загрузка: 2951.11% | OI: 19182215.0 / Limit: 650000.0
2026-03-19 19:45:16 | WARNING | Screener | 🚨 [LIMIT EXCEEDED] SOPHUSDT | Загрузка: 2024.74% | OI: 202473644.0 / Limit: 10000000.0
2026-03-19 19:45:16 | WARNING | Screener | 🚨 [LIMIT EXCEEDED] HUMAUSDT | Загрузка: 3325.46% | OI: 166273185.0 / Limit: 5000000.0
2026-03-19 19:45:16 | WARNING | Screener | 🚨 [LIMIT EXCEEDED] BROCCOLIF3BUSDT | Загрузка: 1008.11% | OI: 403243475.0 / Limit: 40000000.0
2026-03-19 19:45:16 | WARNING | Screener | 🚨 [LIMIT EXCEEDED] BUSDT | Загрузка: 550.82% | OI: 11016311.0 / Limit: 2000000.0
2026-03-19 19:45:16 | WARNING | Screener | 🚨 [LIMIT EXCEEDED] SOONUSDT | Загрузка: 337.11% | OI: 4382382.0 / Limit: 1300000.0
2026-03-19 19:45:16 | WARNING | Screener | 🚨 [LIMIT EXCEEDED] AWEUSDT | Загрузка: 350.95% | OI: 28076264.0 / Limit: 8000000.0
2026-03-19 19:45:16 | WARNING | Screener | 🚨 [LIMIT EXCEEDED] CVCUSDT | Загрузка: 1140.00% | OI: 51300112.0 / Limit: 4500000.0
2026-03-19 19:45:16 | WARNING | Screener | 🚨 [LIMIT EXCEEDED] BANANAS31USDT | Загрузка: 118.03% | OI: 129829014.0 / Limit: 110000000.0
2026-03-19 19:45:16 | WARNING | Screener | 🚨 [LIMIT EXCEEDED] NXPCUSDT | Загрузка: 821.34% | OI: 6981376.8 / Limit: 850000.0
2026-03-19 19:45:16 | WARNING | Screener | 🚨 [LIMIT EXCEEDED] DOODUSDT | Загрузка: 368.82% | OI: 368816455.0 / Limit: 100000000.0
2026-03-19 19:45:16 | WARNING | Screener | 🚨 [LIMIT EXCEEDED] SXTUSDT | Загрузка: 1307.45% | OI: 45760626.9 / Limit: 3500000.0
2026-03-19 19:45:16 | WARNING | Screener | 🚨 [LIMIT EXCEEDED] ASRUSDT | Загрузка: 195.61% | OI: 684642.7 / Limit: 350000.0
2026-03-19 19:45:16 | WARNING | Screener | 🚨 [LIMIT EXCEEDED] ALPINEUSDT | Загрузка: 1376.04% | OI: 7568193.3 / Limit: 550000.0
2026-03-19 19:45:16 | WARNING | Screener | 🚨 [LIMIT EXCEEDED] B2USDT | Загрузка: 219.18% | OI: 1972614.1 / Limit: 900000.0
2026-03-19 19:45:16 | WARNING | Screener | 🚨 [LIMIT EXCEEDED] SYRUPUSDT | Загрузка: 132.65% | OI: 3316245.8 / Limit: 2500000.0
2026-03-19 19:45:16 | WARNING | Screener | 🚨 [LIMIT EXCEEDED] PUNDIXUSDT | Загрузка: 404.26% | OI: 4446860.2 / Limit: 1100000.0
2026-03-19 19:45:16 | WARNING | Screener | 🚨 [LIMIT EXCEEDED] HAEDALUSDT | Загрузка: 124.95% | OI: 37484902.0 / Limit: 30000000.0
2026-03-19 19:45:16 | WARNING | Screener | 🚨 [LIMIT EXCEEDED] CTKUSDT | Загрузка: 480.47% | OI: 7207019.7 / Limit: 1500000.0
2026-03-19 19:45:16 | WARNING | Screener | 🚨 [LIMIT EXCEEDED] JSTUSDT | Загрузка: 154.96% | OI: 23243925.8 / Limit: 15000000.0
2026-03-19 19:45:16 | WARNING | Screener | 🚨 [LIMIT EXCEEDED] SIGNUSDT | Загрузка: 498.41% | OI: 49841396.9 / Limit: 10000000.0
2026-03-19 19:45:16 | WARNING | Screener | 🚨 [LIMIT EXCEEDED] INITUSDT | Загрузка: 1462.18% | OI: 10235239.9 / Limit: 700000.0
2026-03-19 19:45:16 | WARNING | Screener | 🚨 [LIMIT EXCEEDED] TROLLUSDT | Загрузка: 1201.34% | OI: 36040304.0 / Limit: 3000000.0
2026-03-19 19:45:16 | WARNING | Screener | 🚨 [LIMIT EXCEEDED] ZORAUSDT | Загрузка: 345.16% | OI: 86288750.0 / Limit: 25000000.0
2026-03-19 19:45:16 | WARNING | Screener | 🚨 [LIMIT EXCEEDED] HYPERUSDT | Загрузка: 1175.67% | OI: 23513475.0 / Limit: 2000000.0
2026-03-19 19:45:16 | WARNING | Screener | 🚨 [LIMIT EXCEEDED] AERGOUSDT | Загрузка: 2847.38% | OI: 56947682.0 / Limit: 2000000.0
2026-03-19 19:45:16 | WARNING | Screener | 🚨 [LIMIT EXCEEDED] BANKUSDT | Загрузка: 220.03% | OI: 26404196.0 / Limit: 12000000.0
2026-03-19 19:45:16 | WARNING | Screener | 🚨 [LIMIT EXCEEDED] KERNELUSDT | Загрузка: 1578.92% | OI: 31578431.0 / Limit: 2000000.0
2026-03-19 19:45:16 | WARNING | Screener | 🚨 [LIMIT EXCEEDED] FLUIDUSDT | Загрузка: 881.99% | OI: 617392.6 / Limit: 70000.0
2026-03-19 19:45:16 | WARNING | Screener | 🚨 [LIMIT EXCEEDED] WCTUSDT | Загрузка: 4050.20% | OI: 40501967.0 / Limit: 1000000.0
2026-03-19 19:45:16 | WARNING | Screener | 🚨 [LIMIT EXCEEDED] PROMPTUSDT | Загрузка: 359.35% | OI: 12577386.0 / Limit: 3500000.0
2026-03-19 19:45:16 | WARNING | Screener | 🚨 [LIMIT EXCEEDED] FHEUSDT | Загрузка: 1146.06% | OI: 57303145.93 / Limit: 5000000.0
2026-03-19 19:45:16 | WARNING | Screener | 🚨 [LIMIT EXCEEDED] BABYUSDT | Загрузка: 744.15% | OI: 59532318.0 / Limit: 8000000.0
2026-03-19 19:45:16 | WARNING | Screener | 🚨 [LIMIT EXCEEDED] ATHUSDT | Загрузка: 740.09% | OI: 148017034.0 / Limit: 20000000.0
2026-03-19 19:45:16 | WARNING | Screener | 🚨 [LIMIT EXCEEDED] STOUSDT | Загрузка: 139.53% | OI: 9766778.0 / Limit: 7000000.0
2026-03-19 19:45:16 | WARNING | Screener | 🚨 [LIMIT EXCEEDED] GUNUSDT | Загрузка: 890.64% | OI: 44532072.0 / Limit: 5000000.0
2026-03-19 19:45:16 | WARNING | Screener | 🚨 [LIMIT EXCEEDED] MLNUSDT | Загрузка: 347.65% | OI: 173826.661 / Limit: 50000.0
2026-03-19 19:45:16 | WARNING | Screener | 🚨 [LIMIT EXCEEDED] WALUSDT | Загрузка: 1818.25% | OI: 21819021.8 / Limit: 1200000.0
2026-03-19 19:45:16 | WARNING | Screener | 🚨 [LIMIT EXCEEDED] JELLYJELLYUSDT | Загрузка: 96.25% | OI: 28875215.0 / Limit: 30000000.0
2026-03-19 19:45:16 | WARNING | Screener | 🚨 [LIMIT EXCEEDED] PLUMEUSDT | Загрузка: 2934.44% | OI: 73360900.0 / Limit: 2500000.0
2026-03-19 19:45:16 | WARNING | Screener | 🚨 [LIMIT EXCEEDED] NILUSDT | Загрузка: 2414.91% | OI: 19319242.0 / Limit: 800000.0
2026-03-19 19:45:16 | WARNING | Screener | 🚨 [LIMIT EXCEEDED] PARTIUSDT | Загрузка: 5661.21% | OI: 28306062.0 / Limit: 500000.0
2026-03-19 19:45:16 | WARNING | Screener | 🚨 [LIMIT EXCEEDED] EPICUSDT | Загрузка: 754.09% | OI: 3016379.0 / Limit: 400000.0
2026-03-19 19:45:16 | WARNING | Screener | 🚨 [LIMIT EXCEEDED] SIRENUSDT | Загрузка: 176.23% | OI: 14098787.0 / Limit: 8000000.0
2026-03-19 19:45:16 | WARNING | Screener | 🚨 [LIMIT EXCEEDED] FORMUSDT | Загрузка: 994.67% | OI: 2984017.8 / Limit: 300000.0
2026-03-19 19:45:16 | WARNING | Screener | 🚨 [LIMIT EXCEEDED] TUTUSDT | Загрузка: 366.88% | OI: 73375320.0 / Limit: 20000000.0
2026-03-19 19:45:16 | WARNING | Screener | 🚨 [LIMIT EXCEEDED] MUBARAKUSDT | Загрузка: 1276.06% | OI: 63802806.0 / Limit: 5000000.0
2026-03-19 19:45:16 | WARNING | Screener | 🚨 [LIMIT EXCEEDED] BMTUSDT | Загрузка: 1045.04% | OI: 52251877.0 / Limit: 5000000.0
2026-03-19 19:45:16 | WARNING | Screener | 🚨 [LIMIT EXCEEDED] REDUSDT | Загрузка: 1440.04% | OI: 8640256.0 / Limit: 600000.0
2026-03-19 19:45:16 | WARNING | Screener | 🚨 [LIMIT EXCEEDED] KAITOUSDT | Загрузка: 666.33% | OI: 2665314.0 / Limit: 400000.0
2026-03-19 19:45:16 | WARNING | Screener | 🚨 [LIMIT EXCEEDED] GPSUSDT | Загрузка: 4378.37% | OI: 197026575.0 / Limit: 4500000.0
2026-03-19 19:45:16 | WARNING | Screener | 🚨 [LIMIT EXCEEDED] SHELLUSDT | Загрузка: 2025.86% | OI: 24310368.0 / Limit: 1200000.0
2026-03-19 19:45:16 | WARNING | Screener | 🚨 [LIMIT EXCEEDED] HEIUSDT | Загрузка: 1118.19% | OI: 7827316.0 / Limit: 700000.0
2026-03-19 19:45:16 | WARNING | Screener | 🚨 [LIMIT EXCEEDED] B3USDT | Загрузка: 2441.50% | OI: 1220747883.0 / Limit: 50000000.0
2026-03-19 19:45:16 | WARNING | Screener | 🚨 [LIMIT EXCEEDED] BROCCOLIUSDT | Загрузка: 1682.41% | OI: 58884520.0 / Limit: 3500000.0
2026-03-19 19:45:16 | WARNING | Screener | 🚨 [LIMIT EXCEEDED] IPUSDT | Загрузка: 1618.76% | OI: 2428138.0 / Limit: 150000.0
2026-03-19 19:45:16 | WARNING | Screener | 🚨 [LIMIT EXCEEDED] LAYERUSDT | Загрузка: 1452.83% | OI: 6537733.0 / Limit: 450000.0
2026-03-19 19:45:16 | WARNING | Screener | 🚨 [LIMIT EXCEEDED] TSTUSDT | Загрузка: 2798.74% | OI: 83962099.0 / Limit: 3000000.0
2026-03-19 19:45:16 | WARNING | Screener | 🚨 [LIMIT EXCEEDED] BERAUSDT | Загрузка: 6161.74% | OI: 4929395.0 / Limit: 80000.0
2026-03-19 19:45:16 | WARNING | Screener | 🚨 [LIMIT EXCEEDED] PIPPINUSDT | Загрузка: 154.15% | OI: 23123180.0 / Limit: 15000000.0
2026-03-19 19:45:16 | WARNING | Screener | 🚨 [LIMIT EXCEEDED] VVVUSDT | Загрузка: 1393.63% | OI: 1254263.0 / Limit: 90000.0
2026-03-19 19:45:16 | WARNING | Screener | 🚨 [LIMIT EXCEEDED] ANIMEUSDT | Загрузка: 9144.40% | OI: 548664054.0 / Limit: 6000000.0
2026-03-19 19:45:16 | WARNING | Screener | 🚨 [LIMIT EXCEEDED] VINEUSDT | Загрузка: 1365.81% | OI: 40974425.0 / Limit: 3000000.0
2026-03-19 19:45:16 | WARNING | Screener | 🚨 [LIMIT EXCEEDED] SOLVUSDT | Загрузка: 1644.47% | OI: 115113057.0 / Limit: 7000000.0
2026-03-19 19:45:16 | WARNING | Screener | 🚨 [LIMIT EXCEEDED] ARCUSDT | Загрузка: 8796.15% | OI: 105553821.0 / Limit: 1200000.0
2026-03-19 19:45:16 | WARNING | Screener | 🚨 [LIMIT EXCEEDED] MELANIAUSDT | Загрузка: 6620.31% | OI: 4634220.0 / Limit: 70000.0
2026-03-19 19:45:16 | WARNING | Screener | 🚨 [LIMIT EXCEEDED] TRUMPUSDT | Загрузка: 2496.37% | OI: 549201.0 / Limit: 22000.0
2026-03-19 19:45:16 | WARNING | Screener | 🚨 [LIMIT EXCEEDED] SUSDT | Загрузка: 1802.53% | OI: 12617724.0 / Limit: 700000.0
2026-03-19 19:45:16 | WARNING | Screener | 🚨 [LIMIT EXCEEDED] AVAAIUSDT | Загрузка: 4909.06% | OI: 98181300.0 / Limit: 2000000.0
2026-03-19 19:45:16 | WARNING | Screener | 🚨 [LIMIT EXCEEDED] SONICUSDT | Загрузка: 6329.92% | OI: 50639340.0 / Limit: 800000.0
2026-03-19 19:45:16 | WARNING | Screener | 🚨 [LIMIT EXCEEDED] DUSDT | Загрузка: 2871.37% | OI: 86141134.0 / Limit: 3000000.0
2026-03-19 19:45:16 | WARNING | Screener | 🚨 [LIMIT EXCEEDED] COOKIEUSDT | Загрузка: 4018.23% | OI: 34154924.0 / Limit: 850000.0
2026-03-19 19:45:16 | WARNING | Screener | 🚨 [LIMIT EXCEEDED] ALCHUSDT | Загрузка: 1052.42% | OI: 31572502.0 / Limit: 3000000.0
2026-03-19 19:45:16 | WARNING | Screener | 🚨 [LIMIT EXCEEDED] SWARMSUSDT | Загрузка: 6518.88% | OI: 97783125.0 / Limit: 1500000.0
2026-03-19 19:45:16 | WARNING | Screener | 🚨 [LIMIT EXCEEDED] BIOUSDT | Загрузка: 18582.55% | OI: 139369146.0 / Limit: 750000.0
2026-03-19 19:45:16 | WARNING | Screener | 🚨 [LIMIT EXCEEDED] GRIFFAINUSDT | Загрузка: 5543.36% | OI: 77607065.0 / Limit: 1400000.0
2026-03-19 19:45:16 | WARNING | Screener | 🚨 [LIMIT EXCEEDED] ZEREBROUSDT | Загрузка: 9553.27% | OI: 76426121.0 / Limit: 800000.0
2026-03-19 19:45:16 | WARNING | Screener | 🚨 [LIMIT EXCEEDED] PHAUSDT | Загрузка: 2101.29% | OI: 29417998.0 / Limit: 1400000.0
2026-03-19 19:45:16 | WARNING | Screener | 🚨 [LIMIT EXCEEDED] DEXEUSDT | Загрузка: 272.38% | OI: 108950.0 / Limit: 40000.0
2026-03-19 19:45:16 | WARNING | Screener | 🚨 [LIMIT EXCEEDED] AIXBTUSDT | Загрузка: 3896.30% | OI: 77925936.0 / Limit: 2000000.0
2026-03-19 19:45:16 | WARNING | Screener | 🚨 [LIMIT EXCEEDED] FARTCOINUSDT | Загрузка: 4358.11% | OI: 30506747.0 / Limit: 700000.0
2026-03-19 19:45:16 | WARNING | Screener | 🚨 [LIMIT EXCEEDED] KMNOUSDT | Загрузка: 1091.40% | OI: 34924666.0 / Limit: 3200000.0
2026-03-19 19:45:16 | WARNING | Screener | 🚨 [LIMIT EXCEEDED] CGPTUSDT | Загрузка: 1267.86% | OI: 31696540.0 / Limit: 2500000.0
2026-03-19 19:45:16 | WARNING | Screener | 🚨 [LIMIT EXCEEDED] USUALUSDT | Загрузка: 27232.58% | OI: 136162903.0 / Limit: 500000.0
2026-03-19 19:45:16 | WARNING | Screener | 🚨 [LIMIT EXCEEDED] HYPEUSDT | Загрузка: 711.75% | OI: 142350.0 / Limit: 20000.0
2026-03-19 19:45:16 | WARNING | Screener | 🚨 [LIMIT EXCEEDED] PENGUUSDT | Загрузка: 1634.00% | OI: 294119488.0 / Limit: 18000000.0
2026-03-19 19:45:16 | WARNING | Screener | 🚨 [LIMIT EXCEEDED] VANAUSDT | Загрузка: 2093.60% | OI: 523400.0 / Limit: 25000.0
2026-03-19 19:45:16 | WARNING | Screener | 🚨 [LIMIT EXCEEDED] MOCAUSDT | Загрузка: 1066.65% | OI: 37332763.0 / Limit: 3500000.0
2026-03-19 19:45:16 | WARNING | Screener | 🚨 [LIMIT EXCEEDED] AVAUSDT | Загрузка: 1398.76% | OI: 3496888.0 / Limit: 250000.0
2026-03-19 19:45:16 | WARNING | Screener | 🚨 [LIMIT EXCEEDED] DEGOUSDT | Загрузка: 576.71% | OI: 922736.0 / Limit: 160000.0
2026-03-19 19:45:16 | WARNING | Screener | 🚨 [LIMIT EXCEEDED] VELODROMEUSDT | Загрузка: 1959.52% | OI: 41149974.0 / Limit: 2100000.0
2026-03-19 19:45:16 | WARNING | Screener | 🚨 [LIMIT EXCEEDED] MEUSDT | Загрузка: 23041.23% | OI: 20737109.0 / Limit: 90000.0
2026-03-19 19:45:16 | WARNING | Screener | 🚨 [LIMIT EXCEEDED] VIRTUALUSDT | Загрузка: 438.52% | OI: 1534825.0 / Limit: 350000.0
2026-03-19 19:45:16 | WARNING | Screener | 🚨 [LIMIT EXCEEDED] SPXUSDT | Загрузка: 798.52% | OI: 5988923.0 / Limit: 750000.0
2026-03-19 19:45:16 | WARNING | Screener | 🚨 [LIMIT EXCEEDED] ACXUSDT | Загрузка: 7423.67% | OI: 51965713.0 / Limit: 700000.0
2026-03-19 19:45:16 | WARNING | Screener | 🚨 [LIMIT EXCEEDED] ORCAUSDT | Загрузка: 2369.24% | OI: 2843093.0 / Limit: 120000.0
2026-03-19 19:45:16 | WARNING | Screener | 🚨 [LIMIT EXCEEDED] MOVEUSDT | Загрузка: 32534.01% | OI: 195204082.0 / Limit: 600000.0
2026-03-19 19:45:16 | WARNING | Screener | 🚨 [LIMIT EXCEEDED] KAIAUSDT | Загрузка: 925.84% | OI: 13887663.0 / Limit: 1500000.0
2026-03-19 19:45:16 | WARNING | Screener | 🚨 [LIMIT EXCEEDED] AEROUSDT | Загрузка: 1660.10% | OI: 4980313.0 / Limit: 300000.0
2026-03-19 19:45:16 | WARNING | Screener | 🚨 [LIMIT EXCEEDED] THEUSDT | Загрузка: 3082.21% | OI: 5547986.0 / Limit: 180000.0
2026-03-19 19:45:16 | WARNING | Screener | 🚨 [LIMIT EXCEEDED] MORPHOUSDT | Загрузка: 164.07% | OI: 574231.0 / Limit: 350000.0
2026-03-19 19:45:16 | WARNING | Screener | 🚨 [LIMIT EXCEEDED] CHILLGUYUSDT | Загрузка: 6834.26% | OI: 61508340.0 / Limit: 900000.0
2026-03-19 19:45:16 | WARNING | Screener | 🚨 [LIMIT EXCEEDED] SCRTUSDT | Загрузка: 478.55% | OI: 8613817.0 / Limit: 1800000.0
2026-03-19 19:45:16 | WARNING | Screener | 🚨 [LIMIT EXCEEDED] BANUSDT | Загрузка: 782.35% | OI: 15647092.0 / Limit: 2000000.0
2026-03-19 19:45:16 | WARNING | Screener | 🚨 [LIMIT EXCEEDED] AKTUSDT | Загрузка: 1792.67% | OI: 2151202.0 / Limit: 120000.0
2026-03-19 19:45:16 | WARNING | Screener | 🚨 [LIMIT EXCEEDED] HIPPOUSDT | Загрузка: 1664.53% | OI: 499357582.0 / Limit: 30000000.0
2026-03-19 19:45:16 | WARNING | Screener | 🚨 [LIMIT EXCEEDED] ACTUSDT | Загрузка: 21818.65% | OI: 261823825.0 / Limit: 1200000.0
2026-03-19 19:45:16 | WARNING | Screener | 🚨 [LIMIT EXCEEDED] PNUTUSDT | Загрузка: 1269.83% | OI: 15237988.0 / Limit: 1200000.0
2026-03-19 19:45:16 | WARNING | Screener | 🚨 [LIMIT EXCEEDED] DRIFTUSDT | Загрузка: 1845.06% | OI: 5904181.0 / Limit: 320000.0
2026-03-19 19:45:16 | WARNING | Screener | 🚨 [LIMIT EXCEEDED] COWUSDT | Загрузка: 594.69% | OI: 5946904.0 / Limit: 1000000.0
2026-03-19 19:45:16 | WARNING | Screener | 🚨 [LIMIT EXCEEDED] CETUSUSDT | Загрузка: 1979.08% | OI: 31665344.0 / Limit: 1600000.0
2026-03-19 19:45:16 | WARNING | Screener | 🚨 [LIMIT EXCEEDED] GRASSUSDT | Загрузка: 2390.63% | OI: 11953145.0 / Limit: 500000.0
2026-03-19 19:45:16 | WARNING | Screener | 🚨 [LIMIT EXCEEDED] SAFEUSDT | Загрузка: 4366.37% | OI: 19648680.0 / Limit: 450000.0
2026-03-19 19:45:16 | WARNING | Screener | 🚨 [LIMIT EXCEEDED] SANTOSUSDT | Загрузка: 2153.73% | OI: 2153733.0 / Limit: 100000.0
2026-03-19 19:45:16 | WARNING | Screener | 🚨 [LIMIT EXCEEDED] GOATUSDT | Загрузка: 6671.18% | OI: 60040627.0 / Limit: 900000.0
2026-03-19 19:45:16 | WARNING | Screener | 🚨 [LIMIT EXCEEDED] MOODENGUSDT | Загрузка: 2034.68% | OI: 50867059.0 / Limit: 2500000.0
2026-03-19 19:45:16 | WARNING | Screener | 🚨 [LIMIT EXCEEDED] SCRUSDT | Загрузка: 8867.17% | OI: 35468697.0 / Limit: 400000.0
2026-03-19 19:45:16 | WARNING | Screener | 🚨 [LIMIT EXCEEDED] DEEPUSDT | Загрузка: 1829.06% | OI: 109743354.0 / Limit: 6000000.0
2026-03-19 19:45:16 | WARNING | Screener | 🚨 [LIMIT EXCEEDED] EIGENUSDT | Загрузка: 15466.86% | OI: 24746970.0 / Limit: 160000.0
2026-03-19 19:45:16 | WARNING | Screener | 🚨 [LIMIT EXCEEDED] DIAUSDT | Загрузка: 792.89% | OI: 5550226.0 / Limit: 700000.0
2026-03-19 19:45:16 | WARNING | Screener | 🚨 [LIMIT EXCEEDED] HMSTRUSDT | Загрузка: 17196.44% | OI: 12897331274.0 / Limit: 75000000.0
2026-03-19 19:45:16 | WARNING | Screener | 🚨 [LIMIT EXCEEDED] FIOUSDT | Загрузка: 1621.73% | OI: 243259898.0 / Limit: 15000000.0
2026-03-19 19:45:16 | WARNING | Screener | 🚨 [LIMIT EXCEEDED] CATIUSDT | Загрузка: 7585.12% | OI: 53095809.0 / Limit: 700000.0
2026-03-19 19:45:16 | WARNING | Screener | 🚨 [LIMIT EXCEEDED] FIDAUSDT | Загрузка: 5531.70% | OI: 82975569.0 / Limit: 1500000.0
2026-03-19 19:45:16 | WARNING | Screener | 🚨 [LIMIT EXCEEDED] POLUSDT | Загрузка: 3800.55% | OI: 57008283.0 / Limit: 1500000.0
2026-03-19 19:45:16 | WARNING | Screener | 🚨 [LIMIT EXCEEDED] NEIROUSDT | Загрузка: 5738.32% | OI: 34429918626.0 / Limit: 600000000.0
2026-03-19 19:45:16 | WARNING | Screener | 🚨 [LIMIT EXCEEDED] MBOXUSDT | Загрузка: 4668.87% | OI: 140066040.0 / Limit: 3000000.0
2026-03-19 19:45:16 | WARNING | Screener | 🚨 [LIMIT EXCEEDED] SUNUSDT | Загрузка: 216.06% | OI: 54016221.0 / Limit: 25000000.0
2026-03-19 19:45:16 | WARNING | Screener | 🚨 [LIMIT EXCEEDED] SYSUSDT | Загрузка: 1688.19% | OI: 50645835.0 / Limit: 3000000.0
2026-03-19 19:45:16 | WARNING | Screener | 🚨 [LIMIT EXCEEDED] SYNUSDT | Загрузка: 2083.99% | OI: 16671922.0 / Limit: 800000.0
2026-03-19 19:45:16 | WARNING | Screener | 🚨 [LIMIT EXCEEDED] RAREUSDT | Загрузка: 936.87% | OI: 51527679.0 / Limit: 5500000.0
2026-03-19 19:45:16 | WARNING | Screener | 🚨 [LIMIT EXCEEDED] RENDERUSDT | Загрузка: 1122.62% | OI: 898095.0 / Limit: 80000.0
2026-03-19 19:45:16 | WARNING | Screener | 🚨 [LIMIT EXCEEDED] BANANAUSDT | Загрузка: 3955.72% | OI: 356014.83 / Limit: 9000.0
2026-03-19 19:45:16 | WARNING | Screener | 🚨 [LIMIT EXCEEDED] ZROUSDT | Загрузка: 610.56% | OI: 976899.6 / Limit: 160000.0
2026-03-19 19:45:16 | WARNING | Screener | 🚨 [LIMIT EXCEEDED] LISTAUSDT | Загрузка: 1027.36% | OI: 7191507.0 / Limit: 700000.0
2026-03-19 19:45:16 | WARNING | Screener | 🚨 [LIMIT EXCEEDED] ZKUSDT | Загрузка: 2961.99% | OI: 77011622.0 / Limit: 2600000.0
2026-03-19 19:45:16 | WARNING | Screener | 🚨 [LIMIT EXCEEDED] IOUSDT | Загрузка: 10435.29% | OI: 9391758.0 / Limit: 90000.0
2026-03-19 19:45:16 | WARNING | Screener | 🚨 [LIMIT EXCEEDED] TURBOUSDT | Загрузка: 1338.65% | OI: 1070922071.5 / Limit: 80000000.0
2026-03-19 19:45:16 | WARNING | Screener | 🚨 [LIMIT EXCEEDED] NOTUSDT | Загрузка: 2276.05% | OI: 1820839100.5 / Limit: 80000000.0
2026-03-19 19:45:16 | WARNING | Screener | 🚨 [LIMIT EXCEEDED] PTUSDT | Загрузка: 594.14% | OI: 3564821.0 / Limit: 600000.0
2026-03-19 19:45:16 | WARNING | Screener | 🚨 [LIMIT EXCEEDED] BBUSDT | Загрузка: 3828.79% | OI: 45945432.0 / Limit: 1200000.0
2026-03-19 19:45:16 | WARNING | Screener | 🚨 [LIMIT EXCEEDED] BRETTUSDT | Загрузка: 2342.86% | OI: 304571508.2265625 / Limit: 13000000.0
2026-03-19 19:45:16 | WARNING | Screener | 🚨 [LIMIT EXCEEDED] REZUSDT | Загрузка: 21117.38% | OI: 591286602.0 / Limit: 2800000.0
2026-03-19 19:45:16 | WARNING | Screener | 🚨 [LIMIT EXCEEDED] MEWUSDT | Загрузка: 1342.79% | OI: 1074233525.0 / Limit: 80000000.0
2026-03-19 19:45:16 | WARNING | Screener | 🚨 [LIMIT EXCEEDED] MERLUSDT | Загрузка: 3751.80% | OI: 18759010.35 / Limit: 500000.0
2026-03-19 19:45:16 | WARNING | Screener | 🚨 [LIMIT EXCEEDED] TAOUSDT | Загрузка: 1021.07% | OI: 10210.705 / Limit: 1000.0
2026-03-19 19:45:16 | WARNING | Screener | 🚨 [LIMIT EXCEEDED] SAGAUSDT | Загрузка: 25859.47% | OI: 23273522.0 / Limit: 90000.0
2026-03-19 19:45:16 | WARNING | Screener | 🚨 [LIMIT EXCEEDED] TNSRUSDT | Загрузка: 6520.24% | OI: 19560709.0 / Limit: 300000.0
2026-03-19 19:45:16 | WARNING | Screener | 🚨 [LIMIT EXCEEDED] DEGENUSDT | Загрузка: 3402.10% | OI: 510314549.5 / Limit: 15000000.0
2026-03-19 19:45:16 | WARNING | Screener | 🚨 [LIMIT EXCEEDED] ENAUSDT | Загрузка: 3135.04% | OI: 15675177.5 / Limit: 500000.0
2026-03-19 19:45:16 | WARNING | Screener | 🚨 [LIMIT EXCEEDED] WUSDT | Загрузка: 9279.85% | OI: 46399233.0 / Limit: 500000.0
2026-03-19 19:45:16 | WARNING | Screener | 🚨 [LIMIT EXCEEDED] POPCATUSDT | Загрузка: 2800.68% | OI: 42010242.125 / Limit: 1500000.0
2026-03-19 19:45:16 | WARNING | Screener | 🚨 [LIMIT EXCEEDED] ETHFIUSDT | Загрузка: 1251.60% | OI: 1877395.6640625 / Limit: 150000.0
2026-03-19 19:45:16 | WARNING | Screener | 🚨 [LIMIT EXCEEDED] BOMEUSDT | Загрузка: 5321.45% | OI: 1596435033.0 / Limit: 30000000.0
2026-03-19 19:45:16 | WARNING | Screener | 🚨 [LIMIT EXCEEDED] VANRYUSDT | Загрузка: 26842.23% | OI: 268422315.25 / Limit: 1000000.0
2026-03-19 19:45:16 | WARNING | Screener | 🚨 [LIMIT EXCEEDED] AEVOUSDT | Загрузка: 75465.55% | OI: 150931098.5 / Limit: 200000.0
2026-03-19 19:45:16 | WARNING | Screener | 🚨 [LIMIT EXCEEDED] METISUSDT | Загрузка: 5191.51% | OI: 207660.29 / Limit: 4000.0
2026-03-19 19:45:16 | WARNING | Screener | 🚨 [LIMIT EXCEEDED] AXLUSDT | Загрузка: 231.91% | OI: 20871610.0 / Limit: 9000000.0
2026-03-19 19:45:16 | WARNING | Screener | 🚨 [LIMIT EXCEEDED] TONUSDT | Загрузка: 1054.95% | OI: 2109897.5 / Limit: 200000.0
2026-03-19 19:45:16 | WARNING | Screener | 🚨 [LIMIT EXCEEDED] PORTALUSDT | Загрузка: 33550.17% | OI: 83875434.5 / Limit: 250000.0
2026-03-19 19:45:16 | WARNING | Screener | 🚨 [LIMIT EXCEEDED] GLMUSDT | Загрузка: 554.01% | OI: 8310112.0 / Limit: 1500000.0
2026-03-19 19:45:16 | WARNING | Screener | 🚨 [LIMIT EXCEEDED] STRKUSDT | Загрузка: 4779.38% | OI: 14338135.5 / Limit: 300000.0
2026-03-19 19:45:16 | WARNING | Screener | 🚨 [LIMIT EXCEEDED] PIXELUSDT | Загрузка: 14726.25% | OI: 132536289.43 / Limit: 900000.0
2026-03-19 19:45:16 | WARNING | Screener | 🚨 [LIMIT EXCEEDED] PROMUSDT | Загрузка: 604.97% | OI: 302486.9 / Limit: 50000.0
2026-03-19 19:45:16 | WARNING | Screener | 🚨 [LIMIT EXCEEDED] MAVIAUSDT | Загрузка: 1667.20% | OI: 20006347.0 / Limit: 1200000.0
2026-03-19 19:45:16 | WARNING | Screener | 🚨 [LIMIT EXCEEDED] DYMUSDT | Загрузка: 26458.00% | OI: 21166397.0 / Limit: 80000.0
2026-03-19 19:45:16 | WARNING | Screener | 🚨 [LIMIT EXCEEDED] RONUSDT | Загрузка: 6376.17% | OI: 12752334.0 / Limit: 200000.0
2026-03-19 19:45:16 | WARNING | Screener | 🚨 [LIMIT EXCEEDED] ZETAUSDT | Загрузка: 4736.40% | OI: 18945584.0 / Limit: 400000.0
2026-03-19 19:45:16 | WARNING | Screener | 🚨 [LIMIT EXCEEDED] JUPUSDT | Загрузка: 1606.63% | OI: 12853030.375 / Limit: 800000.0
2026-03-19 19:45:16 | WARNING | Screener | 🚨 [LIMIT EXCEEDED] ALTUSDT | Загрузка: 15313.38% | OI: 191417194.0 / Limit: 1250000.0
2026-03-19 19:45:16 | WARNING | Screener | 🚨 [LIMIT EXCEEDED] LSKUSDT | Загрузка: 1711.32% | OI: 17113231.0 / Limit: 1000000.0
2026-03-19 19:45:16 | WARNING | Screener | 🚨 [LIMIT EXCEEDED] UMAUSDT | Загрузка: 5659.62% | OI: 5659623.77 / Limit: 100000.0
2026-03-19 19:45:16 | WARNING | Screener | 🚨 [LIMIT EXCEEDED] ONDOUSDT | Загрузка: 547.58% | OI: 10951612.18 / Limit: 2000000.0
2026-03-19 19:45:16 | WARNING | Screener | 🚨 [LIMIT EXCEEDED] MANTAUSDT | Загрузка: 6981.97% | OI: 13963937.77 / Limit: 200000.0
2026-03-19 19:45:16 | WARNING | Screener | 🚨 [LIMIT EXCEEDED] WIFUSDT | Загрузка: 599.45% | OI: 8991783.4517267 / Limit: 1500000.0
2026-03-19 19:45:16 | WARNING | Screener | 🚨 [LIMIT EXCEEDED] XAIUSDT | Загрузка: 6425.27% | OI: 64252700.12 / Limit: 1000000.0
2026-03-19 19:45:16 | WARNING | Screener | 🚨 [LIMIT EXCEEDED] POWRUSDT | Загрузка: 1003.19% | OI: 12038267.0 / Limit: 1200000.0
2026-03-19 19:45:16 | WARNING | Screener | 🚨 [LIMIT EXCEEDED] NFPUSDT | Загрузка: 4133.48% | OI: 41334849.96 / Limit: 1000000.0
2026-03-19 19:45:16 | WARNING | Screener | 🚨 [LIMIT EXCEEDED] MOVRUSDT | Загрузка: 2673.90% | OI: 481301.915 / Limit: 18000.0
2026-03-19 19:45:16 | WARNING | Screener | 🚨 [LIMIT EXCEEDED] ACEUSDT | Загрузка: 52373.35% | OI: 20949340.29 / Limit: 40000.0
2026-03-19 19:45:16 | WARNING | Screener | 🚨 [LIMIT EXCEEDED] JTOUSDT | Загрузка: 1525.04% | OI: 2440065.59 / Limit: 160000.0
2026-03-19 19:45:16 | WARNING | Screener | 🚨 [LIMIT EXCEEDED] ONGUSDT | Загрузка: 1032.55% | OI: 12390631.0 / Limit: 1200000.0
2026-03-19 19:45:16 | WARNING | Screener | 🚨 [LIMIT EXCEEDED] USTCUSDT | Загрузка: 1278.61% | OI: 102289135.0 / Limit: 8000000.0
2026-03-19 19:45:16 | WARNING | Screener | 🚨 [LIMIT EXCEEDED] SUPERUSDT | Загрузка: 1246.73% | OI: 18701008.8591 / Limit: 1500000.0
2026-03-19 19:45:16 | WARNING | Screener | 🚨 [LIMIT EXCEEDED] PYTHUSDT | Загрузка: 1205.64% | OI: 14467712.24 / Limit: 1200000.0
2026-03-19 19:45:16 | WARNING | Screener | 🚨 [LIMIT EXCEEDED] BEAMUSDT | Загрузка: 553.19% | OI: 331911402.7643458 / Limit: 60000000.0
2026-03-19 19:45:16 | WARNING | Screener | 🚨 [LIMIT EXCEEDED] KASUSDT | Загрузка: 863.78% | OI: 34551011.78 / Limit: 4000000.0
2026-03-19 19:45:16 | WARNING | Screener | 🚨 [LIMIT EXCEEDED] NTRNUSDT | Загрузка: 4809.35% | OI: 57712149.74 / Limit: 1200000.0
2026-03-19 19:45:16 | WARNING | Screener | 🚨 [LIMIT EXCEEDED] STEEMUSDT | Загрузка: 965.48% | OI: 17378689.5 / Limit: 1800000.0
2026-03-19 19:45:16 | WARNING | Screener | 🚨 [LIMIT EXCEEDED] CAKEUSDT | Загрузка: 246.99% | OI: 617476.0 / Limit: 250000.0
2026-03-19 19:45:16 | WARNING | Screener | 🚨 [LIMIT EXCEEDED] MEMEUSDT | Загрузка: 3892.48% | OI: 973120736.91 / Limit: 25000000.0
2026-03-19 19:45:16 | WARNING | Screener | 🚨 [LIMIT EXCEEDED] TIAUSDT | Загрузка: 1202.36% | OI: 3005898.255 / Limit: 250000.0
2026-03-19 19:45:16 | WARNING | Screener | 🚨 [LIMIT EXCEEDED] GASUSDT | Загрузка: 855.04% | OI: 1710088.0 / Limit: 200000.0
2026-03-19 19:45:16 | WARNING | Screener | 🚨 [LIMIT EXCEEDED] POLYXUSDT | Загрузка: 1459.65% | OI: 29192932.0 / Limit: 2000000.0
2026-03-19 19:45:16 | WARNING | Screener | 🚨 [LIMIT EXCEEDED] WAXPUSDT | Загрузка: 3984.34% | OI: 318747482.0 / Limit: 8000000.0
2026-03-19 19:45:16 | WARNING | Screener | 🚨 [LIMIT EXCEEDED] BNTUSDT | Загрузка: 263.74% | OI: 2637424.0 / Limit: 1000000.0
2026-03-19 19:45:16 | WARNING | Screener | 🚨 [LIMIT EXCEEDED] BIGTIMEUSDT | Загрузка: 2449.36% | OI: 48987237.946879 / Limit: 2000000.0
2026-03-19 19:45:16 | WARNING | Screener | 🚨 [LIMIT EXCEEDED] ARKUSDT | Загрузка: 542.75% | OI: 5970264.0 / Limit: 1100000.0
2026-03-19 19:45:16 | WARNING | Screener | 🚨 [LIMIT EXCEEDED] NMRUSDT | Загрузка: 321.73% | OI: 160866.05 / Limit: 50000.0
2026-03-19 19:45:16 | WARNING | Screener | 🚨 [LIMIT EXCEEDED] DUSKUSDT | Загрузка: 901.88% | OI: 45094155.0 / Limit: 5000000.0
2026-03-19 19:45:16 | WARNING | Screener | 🚨 [LIMIT EXCEEDED] XVSUSDT | Загрузка: 222.08% | OI: 222084.0 / Limit: 100000.0
2026-03-19 19:45:16 | WARNING | Screener | 🚨 [LIMIT EXCEEDED] TRBUSDT | Загрузка: 104.83% | OI: 52413.5 / Limit: 50000.0
2026-03-19 19:45:16 | WARNING | Screener | 🚨 [LIMIT EXCEEDED] CYBERUSDT | Загрузка: 3634.41% | OI: 3634408.0 / Limit: 100000.0
2026-03-19 19:45:16 | WARNING | Screener | 🚨 [LIMIT EXCEEDED] SEIUSDT | Загрузка: 712.55% | OI: 35627448.5 / Limit: 5000000.0
2026-03-19 19:45:16 | WARNING | Screener | 🚨 [LIMIT EXCEEDED] ARKMUSDT | Загрузка: 2119.66% | OI: 42393264.0 / Limit: 2000000.0
2026-03-19 19:45:16 | WARNING | Screener | 🚨 [LIMIT EXCEEDED] AUCTIONUSDT | Загрузка: 223.11% | OI: 223107.0 / Limit: 100000.0
2026-03-19 19:45:16 | WARNING | Screener | 🚨 [LIMIT EXCEEDED] WLDUSDT | Загрузка: 2111.35% | OI: 4222698.5 / Limit: 200000.0
2026-03-19 19:45:16 | WARNING | Screener | 🚨 [LIMIT EXCEEDED] XVGUSDT | Загрузка: 159.70% | OI: 159702434.0 / Limit: 100000000.0
2026-03-19 19:45:16 | WARNING | Screener | 🚨 [LIMIT EXCEEDED] MAVUSDT | Загрузка: 11918.80% | OI: 143025588.0 / Limit: 1200000.0
2026-03-19 19:45:16 | WARNING | Screener | 🚨 [LIMIT EXCEEDED] ORDIUSDT | Загрузка: 473.71% | OI: 378970.4025 / Limit: 80000.0
2026-03-19 19:45:16 | WARNING | Screener | 🚨 [LIMIT EXCEEDED] EDUUSDT | Загрузка: 1054.12% | OI: 8432947.5 / Limit: 800000.0
2026-03-19 19:45:16 | WARNING | Screener | 🚨 [LIMIT EXCEEDED] RDNTUSDT | Загрузка: 6388.96% | OI: 127779171.0 / Limit: 2000000.0
2026-03-19 19:45:16 | WARNING | Screener | 🚨 [LIMIT EXCEEDED] SUIUSDT | Загрузка: 592.82% | OI: 4742530.0 / Limit: 800000.0
2026-03-19 19:45:16 | WARNING | Screener | 🚨 [LIMIT EXCEEDED] RPLUSDT | Загрузка: 2286.26% | OI: 342938.29 / Limit: 15000.0
2026-03-19 19:45:16 | WARNING | Screener | 🚨 [LIMIT EXCEEDED] BELUSDT | Загрузка: 708.63% | OI: 6377678.5 / Limit: 900000.0
2026-03-19 19:45:16 | WARNING | Screener | 🚨 [LIMIT EXCEEDED] ICXUSDT | Загрузка: 1803.10% | OI: 45077461.0 / Limit: 2500000.0
2026-03-19 19:45:16 | WARNING | Screener | 🚨 [LIMIT EXCEEDED] TLMUSDT | Загрузка: 747.89% | OI: 373944550.0 / Limit: 50000000.0
2026-03-19 19:45:16 | WARNING | Screener | 🚨 [LIMIT EXCEEDED] IDUSDT | Загрузка: 883.54% | OI: 17670850.500005 / Limit: 2000000.0
2026-03-19 19:45:16 | WARNING | Screener | 🚨 [LIMIT EXCEEDED] ARBUSDT | Загрузка: 6265.45% | OI: 31327273.5 / Limit: 500000.0
2026-03-19 19:45:16 | WARNING | Screener | 🚨 [LIMIT EXCEEDED] LQTYUSDT | Загрузка: 446.15% | OI: 2676919.55 / Limit: 600000.0
2026-03-19 19:45:16 | WARNING | Screener | 🚨 [LIMIT EXCEEDED] TRUUSDT | Загрузка: 946.36% | OI: 123026987.5 / Limit: 13000000.0
2026-03-19 19:45:16 | WARNING | Screener | 🚨 [LIMIT EXCEEDED] RLCUSDT | Загрузка: 445.32% | OI: 1781298.4 / Limit: 400000.0
2026-03-19 19:45:16 | WARNING | Screener | 🚨 [LIMIT EXCEEDED] CKBUSDT | Загрузка: 220.36% | OI: 440722759.0 / Limit: 200000000.0
2026-03-19 19:45:16 | WARNING | Screener | 🚨 [LIMIT EXCEEDED] HBARUSDT | Загрузка: 195.93% | OI: 23512036.3125 / Limit: 12000000.0
2026-03-19 19:45:16 | WARNING | Screener | 🚨 [LIMIT EXCEEDED] SSVUSDT | Загрузка: 1024.35% | OI: 307304.835 / Limit: 30000.0
2026-03-19 19:45:16 | WARNING | Screener | 🚨 [LIMIT EXCEEDED] STXUSDT | Загрузка: 422.89% | OI: 3383117.0 / Limit: 800000.0
2026-03-19 19:45:16 | WARNING | Screener | 🚨 [LIMIT EXCEEDED] CFXUSDT | Загрузка: 968.53% | OI: 24213311.5 / Limit: 2500000.0
2026-03-19 19:45:16 | WARNING | Screener | 🚨 [LIMIT EXCEEDED] ASTRUSDT | Загрузка: 814.06% | OI: 97687517.5 / Limit: 12000000.0
2026-03-19 19:45:16 | WARNING | Screener | 🚨 [LIMIT EXCEEDED] BLURUSDT | Загрузка: 694.03% | OI: 34701685.84 / Limit: 5000000.0
2026-03-19 19:45:16 | WARNING | Screener | 🚨 [LIMIT EXCEEDED] HIGHUSDT | Загрузка: 1031.70% | OI: 5158517.5 / Limit: 500000.0
2026-03-19 19:45:16 | WARNING | Screener | 🚨 [LIMIT EXCEEDED] FETUSDT | Загрузка: 3038.97% | OI: 15194856.0 / Limit: 500000.0
2026-03-19 19:45:16 | WARNING | Screener | 🚨 [LIMIT EXCEEDED] TUSDT | Загрузка: 837.38% | OI: 209344544.0 / Limit: 25000000.0
2026-03-19 19:45:16 | WARNING | Screener | 🚨 [LIMIT EXCEEDED] IOSTUSDT | Загрузка: 896.43% | OI: 627503927.0 / Limit: 70000000.0
2026-03-19 19:45:16 | WARNING | Screener | 🚨 [LIMIT EXCEEDED] PEOPLEUSDT | Загрузка: 532.98% | OI: 213190087.75 / Limit: 40000000.0
2026-03-19 19:45:16 | WARNING | Screener | 🚨 [LIMIT EXCEEDED] YGGUSDT | Загрузка: 538.57% | OI: 19388485.65 / Limit: 3600000.0
2026-03-19 19:45:16 | WARNING | Screener | 🚨 [LIMIT EXCEEDED] WOOUSDT | Загрузка: 1837.62% | OI: 45940385.0 / Limit: 2500000.0
2026-03-19 19:45:16 | WARNING | Screener | 🚨 [LIMIT EXCEEDED] ZENUSDT | Загрузка: 170.99% | OI: 136789.0 / Limit: 80000.0
2026-03-19 19:45:16 | WARNING | Screener | 🚨 [LIMIT EXCEEDED] ANKRUSDT | Загрузка: 1820.89% | OI: 455222069.0 / Limit: 25000000.0
2026-03-19 19:45:16 | WARNING | Screener | 🚨 [LIMIT EXCEEDED] MINAUSDT | Загрузка: 676.80% | OI: 13535947.076 / Limit: 2000000.0
2026-03-19 19:45:16 | WARNING | Screener | 🚨 [LIMIT EXCEEDED] COMPUSDT | Загрузка: 885.74% | OI: 124003.63086 / Limit: 14000.0
2026-03-19 19:45:16 | WARNING | Screener | 🚨 [LIMIT EXCEEDED] IOTXUSDT | Загрузка: 585.35% | OI: 175606094.95 / Limit: 30000000.0
2026-03-19 19:45:16 | WARNING | Screener | 🚨 [LIMIT EXCEEDED] KSMUSDT | Загрузка: 2545.28% | OI: 559962.6 / Limit: 22000.0
2026-03-19 19:45:16 | WARNING | Screener | 🚨 [LIMIT EXCEEDED] HFTUSDT | Загрузка: 3797.00% | OI: 56955067.0 / Limit: 1500000.0
2026-03-19 19:45:16 | WARNING | Screener | 🚨 [LIMIT EXCEEDED] KNCUSDT | Загрузка: 642.92% | OI: 6429166.5 / Limit: 1000000.0
2026-03-19 19:45:16 | WARNING | Screener | 🚨 [LIMIT EXCEEDED] LPTUSDT | Загрузка: 913.90% | OI: 1279456.85 / Limit: 140000.0
2026-03-19 19:45:16 | WARNING | Screener | 🚨 [LIMIT EXCEEDED] COTIUSDT | Загрузка: 612.68% | OI: 73521504.5 / Limit: 12000000.0
2026-03-19 19:45:16 | WARNING | Screener | 🚨 [LIMIT EXCEEDED] ICPUSDT | Загрузка: 395.40% | OI: 593105.5 / Limit: 150000.0
2026-03-19 19:45:16 | WARNING | Screener | 🚨 [LIMIT EXCEEDED] STGUSDT | Загрузка: 844.10% | OI: 8441008.0 / Limit: 1000000.0
2026-03-19 19:45:16 | WARNING | Screener | 🚨 [LIMIT EXCEEDED] 1INCHUSDT | Загрузка: 2690.95% | OI: 53819066.0 / Limit: 2000000.0
2026-03-19 19:45:16 | WARNING | Screener | 🚨 [LIMIT EXCEEDED] OPUSDT | Загрузка: 4457.24% | OI: 20057569.4 / Limit: 450000.0
2026-03-19 19:45:16 | WARNING | Screener | 🚨 [LIMIT EXCEEDED] SFPUSDT | Загрузка: 246.79% | OI: 2961509.0 / Limit: 1200000.0
2026-03-19 19:45:16 | WARNING | Screener | 🚨 [LIMIT EXCEEDED] ONTUSDT | Загрузка: 1108.37% | OI: 31034357.4 / Limit: 2800000.0
2026-03-19 19:45:16 | WARNING | Screener | 🚨 [LIMIT EXCEEDED] DASHUSDT | Загрузка: 136.25% | OI: 20436.78 / Limit: 15000.0
2026-03-19 19:45:16 | WARNING | Screener | 🚨 [LIMIT EXCEEDED] AGLDUSDT | Загрузка: 443.01% | OI: 4430107.55 / Limit: 1000000.0
2026-03-19 19:45:16 | WARNING | Screener | 🚨 [LIMIT EXCEEDED] AAVEUSDT | Загрузка: 300.51% | OI: 30050.75 / Limit: 10000.0
2026-03-19 19:45:16 | WARNING | Screener | 🚨 [LIMIT EXCEEDED] ARPAUSDT | Загрузка: 848.99% | OI: 84898764.0 / Limit: 10000000.0
2026-03-19 19:45:16 | WARNING | Screener | 🚨 [LIMIT EXCEEDED] INJUSDT | Загрузка: 999.95% | OI: 699965.65 / Limit: 70000.0
2026-03-19 19:45:16 | WARNING | Screener | 🚨 [LIMIT EXCEEDED] DYDXUSDT | Загрузка: 4309.10% | OI: 12927308.9825 / Limit: 300000.0
2026-03-19 19:45:16 | WARNING | Screener | 🚨 [LIMIT EXCEEDED] SKLUSDT | Загрузка: 1580.87% | OI: 316174294.5 / Limit: 20000000.0
2026-03-19 19:45:16 | WARNING | Screener | 🚨 [LIMIT EXCEEDED] XLMUSDT | Загрузка: 859.04% | OI: 42952234.53 / Limit: 5000000.0
2026-03-19 19:45:16 | WARNING | Screener | 🚨 [LIMIT EXCEEDED] SANDUSDT | Загрузка: 636.32% | OI: 9544785.5 / Limit: 1500000.0
2026-03-19 19:45:16 | WARNING | Screener | 🚨 [LIMIT EXCEEDED] SPELLUSDT | Загрузка: 305.21% | OI: 3662466565.5 / Limit: 1200000000.0
2026-03-19 19:45:16 | WARNING | Screener | 🚨 [LIMIT EXCEEDED] ENSUSDT | Загрузка: 175.75% | OI: 105447.2 / Limit: 60000.0
2026-03-19 19:45:16 | WARNING | Screener | 🚨 [LIMIT EXCEEDED] ROSEUSDT | Загрузка: 551.50% | OI: 66180553.5 / Limit: 12000000.0
2026-03-19 19:45:16 | WARNING | Screener | 🚨 [LIMIT EXCEEDED] NEARUSDT | Загрузка: 404.39% | OI: 1617555.0 / Limit: 400000.0
2026-03-19 19:45:16 | WARNING | Screener | 🚨 [LIMIT EXCEEDED] BATUSDT | Загрузка: 282.71% | OI: 8481375.1 / Limit: 3000000.0
2026-03-19 19:45:16 | WARNING | Screener | 🚨 [LIMIT EXCEEDED] SNXUSDT | Загрузка: 1376.38% | OI: 3440954.6 / Limit: 250000.0
2026-03-19 19:45:16 | WARNING | Screener | 🚨 [LIMIT EXCEEDED] FLUXUSDT | Загрузка: 2145.75% | OI: 17165978.0 / Limit: 800000.0
2026-03-19 19:45:16 | WARNING | Screener | 🚨 [LIMIT EXCEEDED] KAVAUSDT | Загрузка: 3679.47% | OI: 22076834.05 / Limit: 600000.0
2026-03-19 19:45:16 | WARNING | Screener | 🚨 [LIMIT EXCEEDED] CHRUSDT | Загрузка: 340.58% | OI: 15325893.0 / Limit: 4500000.0
2026-03-19 19:45:16 | WARNING | Screener | 🚨 [LIMIT EXCEEDED] C98USDT | Загрузка: 789.19% | OI: 31567403.0 / Limit: 4000000.0
2026-03-19 19:45:16 | WARNING | Screener | 🚨 [LIMIT EXCEEDED] GMXUSDT | Загрузка: 2105.54% | OI: 210554.18 / Limit: 10000.0
2026-03-19 19:45:16 | WARNING | Screener | 🚨 [LIMIT EXCEEDED] ALGOUSDT | Загрузка: 661.69% | OI: 33084675.7125 / Limit: 5000000.0
2026-03-19 19:45:16 | WARNING | Screener | 🚨 [LIMIT EXCEEDED] ZILUSDT | Загрузка: 675.62% | OI: 202687162.0 / Limit: 30000000.0
2026-03-19 19:45:16 | WARNING | Screener | 🚨 [LIMIT EXCEEDED] LDOUSDT | Загрузка: 819.26% | OI: 2457784.75 / Limit: 300000.0
2026-03-19 19:45:16 | WARNING | Screener | 🚨 [LIMIT EXCEEDED] RVNUSDT | Загрузка: 981.95% | OI: 294584759.0 / Limit: 30000000.0
2026-03-19 19:45:16 | WARNING | Screener | 🚨 [LIMIT EXCEEDED] QNTUSDT | Загрузка: 557.43% | OI: 27871.717 / Limit: 5000.0
2026-03-19 19:45:16 | WARNING | Screener | 🚨 [LIMIT EXCEEDED] OGNUSDT | Загрузка: 357.37% | OI: 25015851.0 / Limit: 7000000.0
2026-03-19 19:45:16 | WARNING | Screener | 🚨 [LIMIT EXCEEDED] QTUMUSDT | Загрузка: 424.26% | OI: 1060656.9 / Limit: 250000.0
2026-03-19 19:45:16 | WARNING | Screener | 🚨 [LIMIT EXCEEDED] IMXUSDT | Загрузка: 641.28% | OI: 5130278.5 / Limit: 800000.0
2026-03-19 19:45:16 | WARNING | Screener | 🚨 [LIMIT EXCEEDED] ARUSDT | Загрузка: 423.37% | OI: 423366.7675 / Limit: 100000.0
2026-03-19 19:45:16 | WARNING | Screener | 🚨 [LIMIT EXCEEDED] GRTUSDT | Загрузка: 608.41% | OI: 30420473.0 / Limit: 5000000.0
2026-03-19 19:45:16 | WARNING | Screener | 🚨 [LIMIT EXCEEDED] STORJUSDT | Загрузка: 382.55% | OI: 7650964.0 / Limit: 2000000.0
2026-03-19 19:45:16 | WARNING | Screener | 🚨 [LIMIT EXCEEDED] LRCUSDT | Загрузка: 660.39% | OI: 16509854.0 / Limit: 2500000.0
2026-03-19 19:45:16 | WARNING | Screener | 🚨 [LIMIT EXCEEDED] ALICEUSDT | Загрузка: 6411.19% | OI: 35261551.7 / Limit: 550000.0
2026-03-19 19:45:16 | WARNING | Screener | 🚨 [LIMIT EXCEEDED] GALAUSDT | Загрузка: 1154.17% | OI: 277001889.5 / Limit: 24000000.0
2026-03-19 19:45:16 | WARNING | Screener | 🚨 [LIMIT EXCEEDED] MAGICUSDT | Загрузка: 5614.87% | OI: 39304096.025 / Limit: 700000.0
2026-03-19 19:45:16 | WARNING | Screener | 🚨 [LIMIT EXCEEDED] EGLDUSDT | Загрузка: 1581.26% | OI: 284626.575 / Limit: 18000.0
2026-03-19 19:45:16 | WARNING | Screener | 🚨 [LIMIT EXCEEDED] CELOUSDT | Загрузка: 390.27% | OI: 5463821.65 / Limit: 1400000.0
2026-03-19 19:45:16 | WARNING | Screener | 🚨 [LIMIT EXCEEDED] MASKUSDT | Загрузка: 882.49% | OI: 1411980.0 / Limit: 160000.0
2026-03-19 19:45:16 | WARNING | Screener | 🚨 [LIMIT EXCEEDED] APTUSDT | Загрузка: 1576.71% | OI: 1261370.975 / Limit: 80000.0
2026-03-19 19:45:16 | WARNING | Screener | 🚨 [LIMIT EXCEEDED] CRVUSDT | Загрузка: 803.00% | OI: 6423982.2 / Limit: 800000.0
2026-03-19 19:45:16 | WARNING | Screener | 🚨 [LIMIT EXCEEDED] LUNA2USDT | Загрузка: 2283.66% | OI: 20552911.5 / Limit: 900000.0
2026-03-19 19:45:16 | WARNING | Screener | 🚨 [LIMIT EXCEEDED] MTLUSDT | Загрузка: 654.26% | OI: 2944167.5 / Limit: 450000.0
2026-03-19 19:45:16 | WARNING | Screener | 🚨 [LIMIT EXCEEDED] ZRXUSDT | Загрузка: 352.12% | OI: 9859223.4 / Limit: 2800000.0
2026-03-19 19:45:16 | WARNING | Screener | 🚨 [LIMIT EXCEEDED] GMTUSDT | Загрузка: 11098.11% | OI: 277452765.11 / Limit: 2500000.0
2026-03-19 19:45:16 | WARNING | Screener | 🚨 [LIMIT EXCEEDED] AVAXUSDT | Загрузка: 6584.66% | OI: 2963096.875 / Limit: 45000.0
2026-03-19 19:45:16 | WARNING | Screener | 🚨 [LIMIT EXCEEDED] FILUSDT | Загрузка: 1536.11% | OI: 2304168.065 / Limit: 150000.0
2026-03-19 19:45:16 | WARNING | Screener | 🚨 [LIMIT EXCEEDED] RSRUSDT | Загрузка: 201.64% | OI: 504108940.25 / Limit: 250000000.0
2026-03-19 19:45:16 | WARNING | Screener | 🚨 [LIMIT EXCEEDED] ETCUSDT | Загрузка: 864.38% | OI: 259312.965 / Limit: 30000.0
2026-03-19 19:45:16 | WARNING | Screener | 🚨 [LIMIT EXCEEDED] RUNEUSDT | Загрузка: 662.70% | OI: 3976205.0 / Limit: 600000.0
2026-03-19 19:45:16 | WARNING | Screener | 🚨 [LIMIT EXCEEDED] ONEUSDT | Загрузка: 581.46% | OI: 290731414.5 / Limit: 50000000.0
2026-03-19 19:45:16 | WARNING | Screener | 🚨 [LIMIT EXCEEDED] TRXUSDT | Загрузка: 188.04% | OI: 15043088.675 / Limit: 8000000.0
2026-03-19 19:45:16 | WARNING | Screener | 🚨 [LIMIT EXCEEDED] THETAUSDT | Загрузка: 1014.78% | OI: 8118266.9 / Limit: 800000.0
2026-03-19 19:45:16 | WARNING | Screener | 🚨 [LIMIT EXCEEDED] JASMYUSDT | Загрузка: 211.14% | OI: 274480924.0 / Limit: 130000000.0
2026-03-19 19:45:16 | WARNING | Screener | 🚨 [LIMIT EXCEEDED] CHZUSDT | Загрузка: 426.23% | OI: 29836081.5 / Limit: 7000000.0
2026-03-19 19:45:16 | WARNING | Screener | 🚨 [LIMIT EXCEEDED] XTZUSDT | Загрузка: 810.18% | OI: 5671275.4 / Limit: 700000.0
2026-03-19 19:45:16 | WARNING | Screener | 🚨 [LIMIT EXCEEDED] ENJUSDT | Загрузка: 3331.64% | OI: 66632883.0 / Limit: 2000000.0
2026-03-19 19:45:16 | WARNING | Screener | 🚨 [LIMIT EXCEEDED] SUSHIUSDT | Загрузка: 472.56% | OI: 3780452.5 / Limit: 800000.0
2026-03-19 19:45:16 | WARNING | Screener | 🚨 [LIMIT EXCEEDED] VETUSDT | Загрузка: 1493.88% | OI: 448164316.5 / Limit: 30000000.0
2026-03-19 19:45:16 | WARNING | Screener | 🚨 [LIMIT EXCEEDED] BANDUSDT | Загрузка: 695.03% | OI: 3475153.5 / Limit: 500000.0
2026-03-19 19:45:16 | WARNING | Screener | 🚨 [LIMIT EXCEEDED] ACHUSDT | Загрузка: 2134.17% | OI: 533541677.0 / Limit: 25000000.0
2026-03-19 19:45:16 | WARNING | Screener | 🚨 [LIMIT EXCEEDED] NEOUSDT | Загрузка: 740.66% | OI: 444393.66 / Limit: 60000.0
2026-03-19 19:45:16 | WARNING | Screener | 🚨 [LIMIT EXCEEDED] FLOWUSDT | Загрузка: 3530.42% | OI: 35304201.45 / Limit: 1000000.0
2026-03-19 19:45:16 | WARNING | Screener | 🚨 [LIMIT EXCEEDED] LUNCUSDT | Загрузка: 590.16% | OI: 35409531033.975 / Limit: 6000000000.0
2026-03-19 19:45:16 | WARNING | Screener | 🚨 [LIMIT EXCEEDED] APEUSDT | Загрузка: 17469.61% | OI: 43674029.5 / Limit: 250000.0
2026-03-19 19:45:16 | WARNING | Screener | 🚨 [LIMIT EXCEEDED] MANAUSDT | Загрузка: 824.20% | OI: 12363010.5 / Limit: 1500000.0
2026-03-19 19:45:16 | WARNING | Screener | 🚨 [LIMIT EXCEEDED] BNBUSDT | Загрузка: 628.85% | OI: 62884.619375 / Limit: 10000.0
2026-03-19 19:45:16 | WARNING | Screener | 🚨 [LIMIT EXCEEDED] TWTUSDT | Загрузка: 244.48% | OI: 1466872.27 / Limit: 600000.0
2026-03-19 19:45:16 | WARNING | Screener | 🚨 [LIMIT EXCEEDED] HOOKUSDT | Загрузка: 3545.54% | OI: 28364306.74 / Limit: 800000.0
2026-03-19 19:45:16 | WARNING | Screener | 🚨 [LIMIT EXCEEDED] DOGEUSDT | Загрузка: 4658.82% | OI: 372705248.095 / Limit: 8000000.0
2026-03-19 19:45:16 | WARNING | Screener | 🚨 [LIMIT EXCEEDED] LTCUSDT | Загрузка: 4592.96% | OI: 321507.2284 / Limit: 7000.0
2026-03-19 19:45:16 | WARNING | Screener | 🚨 [LIMIT EXCEEDED] ATOMUSDT | Загрузка: 2317.97% | OI: 1390781.3975 / Limit: 60000.0
2026-03-19 19:45:17 | WARNING | Screener | 🚨 [LIMIT EXCEEDED] LINKUSDT | Загрузка: 1755.43% | OI: 1755433.39675 / Limit: 100000.0
2026-03-19 19:45:17 | WARNING | Screener | 🚨 [LIMIT EXCEEDED] DOTUSDT | Загрузка: 1175.91% | OI: 1411090.335 / Limit: 120000.0
2026-03-19 19:45:17 | WARNING | Screener | 🚨 [LIMIT EXCEEDED] UNIUSDT | Загрузка: 3068.30% | OI: 3681956.925 / Limit: 120000.0
2026-03-19 19:45:17 | WARNING | Screener | 🚨 [LIMIT EXCEEDED] SOLUSDT | Загрузка: 1274.34% | OI: 446019.3579909 / Limit: 35000.0
2026-03-19 19:45:17 | WARNING | Screener | 🚨 [LIMIT EXCEEDED] ADAUSDT | Загрузка: 5781.86% | OI: 115637136.85625 / Limit: 2000000.0
2026-03-19 19:45:17 | WARNING | Screener | 🚨 [LIMIT EXCEEDED] XRPUSDT | Загрузка: 3456.70% | OI: 41480435.6819 / Limit: 1200000.0
2026-03-19 19:45:17 | WARNING | Screener | 🚨 [LIMIT EXCEEDED] ETHUSDT | Загрузка: 654.12% | OI: 65412.1177735 / Limit: 10000.0
2026-03-19 19:45:17 | WARNING | Screener | 🚨 [LIMIT EXCEEDED] BTCUSDT | Загрузка: 262.16% | OI: 2621.6185532 / Limit: 1000.0
2026-03-19 19:45:17 | INFO | Screener | Опрос завершен (тиков: 530). Сигналов: 455. Спим...
2026-03-19 19:45:25 | INFO | Screener | Скринер остановлен.
